Sunderland
Leeds
QPR
Sheff Utd
Dover
Crystal Palace
Southampton
Ipswich
Stoke
Wrexham
Aston Villa
Blackpool
Man City
Sheff Wed
Yeovil
Man Utd
Chelsea
Watford
Arsenal
Hull
Lincoln
Barnet
Torquay
Alfreton
Chester
Braintree
Dartford
Kidderminster
Forest Green
Welling Utd
Aldershot
Telford
Eastleigh
Altrincham
Nuneaton
Bristol Rovers
Partick
Dundee Utd
Dundee
Ross County
Inverness CT
St Mirren
St Johnstone
Hamilton
Motherwell
Aberdeen
Getafe
Rayo Vallecano
Valencia
Real Madrid
Espanyol
Eibar
Real Zaragoza
Valladolid
Lugo
Ponferradina
Alcorcon
Real Betis
Sabadell
Recreativo de Huelva
Tenerife
Sporting Gijon
Pagny Sur Moselle
Yzeure
Epinal
Metz
Lens
Lyon
Dinan Lehon
Guingamp
Bordeaux
Toulouse
St Etienne
Nancy
Nimes
Monaco
Consolat Marseille
Ajaccio
Beauvais
Cholet
Dunkerque
Rennes
Auxerre
Strasbourg
Caen
Dijon
Grenoble
Marseille
Vitoria Setubal
Moreirense
Boavista
Arouca
Guimaraes
Nacional (Por)
Penafiel
Benfica
Freamunde
Beira Mar
Leixoes
Oriental
Oliveirense
Farense
Covilha
Uniao Madeira
Viseu
Aves
Atletico CP
Portimonense
Tondela
Olhanense
Trofense
Chaves
Feirense
Santa Clara
Porto B
Guimaraes B
Erciyesspor
Kasimpasa
Sivasspor
Karabukspor
Eskisehirspor
Gaziantepspor
Besiktas
Galatasaray
Samsunspor
Altinordu
Gaziantep BB
Giresunspor
Adana Demirspor
Bucaspor
Orduspor
Alanyaspor
Karsiyaka
Kayserispor
Olympiacos
Platanias Chanion
Levadiakos
Ergotelis
Atromitos
Kalloni AEL
Giannina
Panathinaikos
Basingstoke
Eastbourne
Maidenhead
Bath
Weston-s-Mare
Sutton
St Albans
Gosport Borough
Concord Rangers
Staines
Wealdstone
Hemel Hempstead
Havant and W.
Hayes and Yeading
Whitehawk
Bishops Stortford
Boreham Wood
Ebbsfleet
Hyde
Barrow
Solihull
Stalybridge
Worcester
Guiseley
Leamington
Bradford PA
Chorley
Oxford City
Stockport
Tamworth
Harrogate
Hednesford
Gloucester
North Ferriby
Gainsborough
Brackley Town
Fylde
Lowestoft Town
Boston
Colwyn Bay
Antofagasta
Uni Catolica
Deportes Copiapo
San Felipe
S.nicolocalcio Teramo
Civitanovese
Recanatese
Jesina Calcio
Grottaglie
Cavese
Altovicentino
Biancoscudati Padova
Vis Pesaro 1898
Celano
Gallipoli F. 1909
FC Francavilla
Novese
Derthona
Castelfranco
Bellaria Igea
Taranto
Manfredonia
Caronnese
Cuneo
Rapallobogliasco
Chieri 1955
Torre Neapolis
Nerostellati Frattese
Terracina 1925
ASD Anziolavinio
Villafranca
AC Castellana
Sacilese Calcio
DRO Calcio
Poggibonsi
VF Colligiana
Rimini
AC Formigine
Ginnastica E Calcio
Aprilia
Roccella
Torrecuso Calcio
US Pergolettese
Virtus Vecomp Verona
Argentina S.r.l.
Sporting Bellinzago
Robur Siena
Massese
Pro Sesto
USD 1913 Seregno Calcio
SS Comprensorio Montalto Uffugo
Nuova Gioiese
Sorrento
Tiger
Chieti
Olympia Agnonese
Piacenza
Este
AC Monopoli
Brindisi
Jolly Montemurlo
Imolese Calcio
Sporting Gijon B
UD Somozas
Celta B
Club Marino Luanco
Valladolid B
Real Murcia
Leonesa
Zamora
UD Logrones
UP Langreo
Guijuelo
Atletico Astorga
Burgos
CD Tropezon
Oviedo
FC Coruxo
Las Palmas II
Sociedad B
Bilbao B
Huesca
Tudelano
Real Union
Conquense
Sestao
UD Socuellamos
Atletico Madrid B
Barakaldo
Fuenlabrada
SD Leioa
Getafe B
Hercules
Mallorca B
Gimnastic
Villarreal B
UE Olot
Reus Deportiu
Valencia B
Real Zaragoza B
Sant Andreu
Elche B
L Hospitalet
Olimpic de Xativa
Badalona
Huracan Valencia
Atletico Baleares
Eldense
Alcoyano
Espanyol B
Lleida
UD Cornella
Betis B
Villanovense
Cacereno
Sevilla Atletico
Cadiz
Arroyo
Marbella
Lucena
Granada B
Real Balompedica Linense
Melilla
San Roque
UCAM Murcia
CD EL Palo
La Roda
Cartagena
Jaen
Cordoba B
Atletico de Madrid III
RSD Alcala
Santutxu FC
Oiartzun KE
SD Erandio Club
Amurrio CF
Deportivo Alaves II
CD Basconia
SD Lenense
CD Praviano
Crevillente Deportivo
FC Jove Espanol
CD Berio FT
Arenas Club de Getxo
Albacete Balompie II
Manzanares CF
CD Varea
CD Anguiano
CE Constancia de Inca
CF San Rafael
CD Guadalcacin
Coria CF
CD San Roque de Cadiz
CD Mairena
La Palma CF
Pena Deportiva Rociera
CD Gerena
UD Los Barrios
Conil CF
Recreativo Huelva II
UD Maracena
Velez CF
Antequera CF
Loja CF
Futbol Alcobendas Sport
CF Internacional de Madrid
CF Rayo Majadahonda
CD Mostoles
CF Pozuelo de Alarcon
CDA Navalcarnero
Muro CF
CD Acero
UD Alzira
CD Torrevieja
Villarreal CF III
Ontinyent CF
CD Utiel
Sporting Club Requena
CD La Victoria de Acentejo
CD El Cotillo
CD Vera
UD Telde
UD Alaro
CD Ferriolense
La Baneza FC
Real Avila CF
Atletico Rafal
UD Poblense
CD Tuilla
CD Llanes
CD Lagun Onak
CD Santurtzi
CF La Nucia
Paterna CF
CF Palencia
CD Burgos Promesas 2000
Club Atletico de Pinto
AD Parla
Club Atletico Bembibre
CD La Virgen del Camino
Club Haro Deportivo
CD Alfaro
CD Aurrera de Vitoria
Bermeo Futbol Taldea
Apollon Limassol
A.E.L.
Anorthosis
Ermis FC Aradippou
Ethnikos Ach.
Nea Salamis
Kallithea
Fostiras
AO Trachonon
Ermionidas AE
Panegialios Fc
Episkopi FC
Panachaiki 2005
Apollon Smyrnis
Hapoel Petach Tikva
Maccabi Haifa
Sliema
Pieta Hotspurs
Mosta FC
Birkirkara
Hibernians
Zebbug Rangers
Tarxien Rainbows Fc
Balzan Youths
Sao Bernardo FC U19
SE Unai DF U19
Sumare AC U19
Cacerense EC U19
Tanabi EC U19
Clube Atletico Itapemirim U19
Desportivo Brasil U19
Paysandu SC U19
Ferroviaria S/A Araraquara U19
Atletico Monte Azul U19
EC Taubate U19
Serrano SC U19
AA Flamengo Guarulhos U19
Palmeira Futebol Clube da U19
Nacional AC U19
Botafogo FC Joao Pessoa U19
CA Taboao da Serra U19
Chapecoense AF U19
Paulinia FC U19
SER Sao Jose U19
Atletico Clube Goianiense U19
Avai FC Florianopolis U19
Ceara SC Fortaleza U19
SE do Gama U19
America FC Belo Horizonte U19
Santa Cruz FC Recife U19
Al Ain
Ajman Club
Al Ahli Dubai
Ahli Al-Fujirah
Al Wahda
Banni Yas
Jordan
Bahrain
Korea Republic
Saudi Arabia
South Africa
Zambia
Difaa El Jadida
CRA de Hoceima
OCK Olympique De Khouribga
Wydad Casablanca
Olympique Safi
Kawkab Marrakech
Moghreb Tetouan
IZK Itihad Z Khemisset
