http://sports.williamhill.com/bet/en-gb/betting/e/6928993/Sunderland%2dv%2dLeeds.html
http://sports.williamhill.com/bet/en-gb/betting/e/6929002/QPR%2dv%2dSheff%2dUtd.html
http://sports.williamhill.com/bet/en-gb/betting/e/6928983/Dover%2dv%2dCrystal%2dPalace.html
http://sports.williamhill.com/bet/en-gb/betting/e/6928980/Southampton%2dv%2dIpswich.html
http://sports.williamhill.com/bet/en-gb/betting/e/6928981/Stoke%2dv%2dWrexham.html
http://sports.williamhill.com/bet/en-gb/betting/e/6928988/Aston%2dVilla%2dv%2dBlackpool.html
http://sports.williamhill.com/bet/en-gb/betting/e/6928985/Man%2dCity%2dv%2dSheff%2dWed.html
http://sports.williamhill.com/bet/en-gb/betting/e/6962582/Yeovil%2dv%2dMan%2dUtd.html
http://sports.williamhill.com/bet/en-gb/betting/e/6929001/Chelsea%2dv%2dWatford.html
http://sports.williamhill.com/bet/en-gb/betting/e/6928979/Arsenal%2dv%2dHull.html
http://sports.williamhill.com/bet/en-gb/betting/e/6965585/Lincoln%2dv%2dBarnet.html
http://sports.williamhill.com/bet/en-gb/betting/e/6965586/Torquay%2dv%2dAlfreton%2dTown.html
http://sports.williamhill.com/bet/en-gb/betting/e/6965580/Chester%2dv%2dBraintree.html
http://sports.williamhill.com/bet/en-gb/betting/e/6965587/Dartford%2dv%2dKidderminster.html
http://sports.williamhill.com/bet/en-gb/betting/e/6965583/Forest%2dGreen%2dv%2dWelling%2dUtd.html
http://sports.williamhill.com/bet/en-gb/betting/e/6965588/Aldershot%2dv%2dTelford.html
http://sports.williamhill.com/bet/en-gb/betting/e/6965582/Eastleigh%2dv%2dAltrincham.html
http://sports.williamhill.com/bet/en-gb/betting/e/6965578/Nuneaton%2dv%2dBristol%2dRovers.html
http://sports.williamhill.com/bet/en-gb/betting/e/6965852/Partick%2dv%2dDundee%2dUtd.html
http://sports.williamhill.com/bet/en-gb/betting/e/6965853/Dundee%2dv%2dRoss%2dCounty.html
http://sports.williamhill.com/bet/en-gb/betting/e/6965851/Inverness%2dCT%2dv%2dSt%2dMirren.html
http://sports.williamhill.com/bet/en-gb/betting/e/6965850/St%2dJohnstone%2dv%2dHamilton.html
http://sports.williamhill.com/bet/en-gb/betting/e/6965854/Motherwell%2dv%2dAberdeen.html
http://sports.williamhill.com/bet/en-gb/betting/e/6965730/Getafe%2dv%2dRayo%2dVallecano.html
http://sports.williamhill.com/bet/en-gb/betting/e/6965731/Valencia%2dv%2dReal%2dMadrid.html
http://sports.williamhill.com/bet/en-gb/betting/e/6965732/Espanyol%2dv%2dEibar.html
http://sports.williamhill.com/bet/en-gb/betting/e/6965773/Real%2dZaragoza%2dv%2dValladolid.html
http://sports.williamhill.com/bet/en-gb/betting/e/6965774/Lugo%2dv%2dPonferradina.html
http://sports.williamhill.com/bet/en-gb/betting/e/6965775/Alcorcon%2dv%2dReal%2dBetis.html
http://sports.williamhill.com/bet/en-gb/betting/e/6965767/Sabadell%2dv%2dRecreativo%2dde%2dHuelva.html
http://sports.williamhill.com/bet/en-gb/betting/e/6965776/Tenerife%2dv%2dSporting%2dGijon.html
http://sports.williamhill.com/bet/en-gb/betting/e/6965764/Pagny%2dSur%2dMoselle%2dv%2dYzeure.html
http://sports.williamhill.com/bet/en-gb/betting/e/6965735/Epinal%2dv%2dMetz.html
http://sports.williamhill.com/bet/en-gb/betting/e/6965751/Lens%2dv%2dLyon.html
http://sports.williamhill.com/bet/en-gb/betting/e/6965752/Dinan%2dLehon%2dv%2dGuingamp.html
http://sports.williamhill.com/bet/en-gb/betting/e/6965750/Bordeaux%2dv%2dToulouse.html
http://sports.williamhill.com/bet/en-gb/betting/e/6965749/St%2dEtienne%2dv%2dNancy.html
http://sports.williamhill.com/bet/en-gb/betting/e/6965753/Nimes%2dv%2dMonaco.html
http://sports.williamhill.com/bet/en-gb/betting/e/6965747/Consolat%2dMarseille%2dv%2dAjaccio.html
http://sports.williamhill.com/bet/en-gb/betting/e/6965736/Beauvais%2dv%2dCholet.html
http://sports.williamhill.com/bet/en-gb/betting/e/6965755/Dunkerque%2dv%2dRennes.html
http://sports.williamhill.com/bet/en-gb/betting/e/6965754/Auxerre%2dv%2dStrasbourg.html
http://sports.williamhill.com/bet/en-gb/betting/e/6965757/Caen%2dv%2dDijon.html
http://sports.williamhill.com/bet/en-gb/betting/e/6965758/Grenoble%2dv%2dMarseille.html
http://sports.williamhill.com/bet/en-gb/betting/e/6965904/Vitoria%2dSetubal%2dv%2dMoreirense.html
http://sports.williamhill.com/bet/en-gb/betting/e/6965899/Boavista%2dv%2dArouca.html
http://sports.williamhill.com/bet/en-gb/betting/e/6965900/Guimaraes%2dv%2dNacional.html
http://sports.williamhill.com/bet/en-gb/betting/e/6965897/Penafiel%2dv%2dBenfica.html
http://sports.williamhill.com/bet/en-gb/betting/e/6965911/Freamunde%2dv%2dBeira%2dMar.html
http://sports.williamhill.com/bet/en-gb/betting/e/6965915/Leixoes%2dv%2dOriental.html
http://sports.williamhill.com/bet/en-gb/betting/e/6965914/Oliveirense%2dv%2dFarense.html
http://sports.williamhill.com/bet/en-gb/betting/e/6965916/Covilha%2dv%2dUniao%2dMadeira.html
http://sports.williamhill.com/bet/en-gb/betting/e/6965912/Viseu%2dv%2dAves.html
http://sports.williamhill.com/bet/en-gb/betting/e/6965908/Atletico%2dCP%2dv%2dPortimonense.html
http://sports.williamhill.com/bet/en-gb/betting/e/6965910/Tondela%2dv%2dOlhanense.html
http://sports.williamhill.com/bet/en-gb/betting/e/6965909/Trofense%2dv%2dChaves.html
http://sports.williamhill.com/bet/en-gb/betting/e/6965906/Feirense%2dv%2dSanta%2dClara.html
http://sports.williamhill.com/bet/en-gb/betting/e/6965913/Porto%2dB%2dv%2dGuimaraes%2dB.html
http://sports.williamhill.com/bet/en-gb/betting/e/6965883/Erciyesspor%2dv%2dKasimpasa.html
http://sports.williamhill.com/bet/en-gb/betting/e/6965882/Sivasspor%2dv%2dKarabukspor.html
http://sports.williamhill.com/bet/en-gb/betting/e/6965884/Eskisehirspor%2dv%2dGaziantepspor.html
http://sports.williamhill.com/bet/en-gb/betting/e/6965885/Besiktas%2dv%2dGalatasaray.html
http://sports.williamhill.com/bet/en-gb/betting/e/6966053/Samsunspor%2dv%2dAltinordu.html
http://sports.williamhill.com/bet/en-gb/betting/e/6966056/Gaziantep%2dBB%2dv%2dGiresunspor.html
http://sports.williamhill.com/bet/en-gb/betting/e/6966058/Adana%2dDemirspor%2dv%2dBucaspor.html
http://sports.williamhill.com/bet/en-gb/betting/e/6966054/Orduspor%2dv%2dAlanyaspor.html
http://sports.williamhill.com/bet/en-gb/betting/e/6966055/Karsiyaka%2dv%2dKayserispor.html
http://sports.williamhill.com/bet/en-gb/betting/e/6966030/Olympiacos%2dv%2dPlatanias%2dChanion.html
http://sports.williamhill.com/bet/en-gb/betting/e/6966033/Levadiakos%2dv%2dErgotelis.html
http://sports.williamhill.com/bet/en-gb/betting/e/6966032/Atromitos%2dv%2dKalloni.html
http://sports.williamhill.com/bet/en-gb/betting/e/6966034/Giannina%2dv%2dPanathinaikos.html
http://sports.williamhill.com/bet/en-gb/betting/e/6965645/Basingstoke%2dv%2dEastbourne.html
http://sports.williamhill.com/bet/en-gb/betting/e/6965646/Maidenhead%2dv%2dBath%2dCity.html
http://sports.williamhill.com/bet/en-gb/betting/e/6965644/Weston%2ds%2dMare%2dv%2dSutton.html
http://sports.williamhill.com/bet/en-gb/betting/e/6965641/St%2dAlbans%2dv%2dGosport%2dBorough.html
http://sports.williamhill.com/bet/en-gb/betting/e/6965647/Concord%2dv%2dStaines.html
http://sports.williamhill.com/bet/en-gb/betting/e/6965643/Wealdstone%2dv%2dHemel%2dHempstead.html
http://sports.williamhill.com/bet/en-gb/betting/e/6965648/Havant%2dand%2dW%2e%2dv%2dHayes%2dand%2dYeading.html
http://sports.williamhill.com/bet/en-gb/betting/e/6965642/Whitehawk%2dv%2dBishops%2dStortford.html
http://sports.williamhill.com/bet/en-gb/betting/e/6965640/Boreham%2dWood%2dv%2dEbbsfleet%2dUnited.html
http://sports.williamhill.com/bet/en-gb/betting/e/6965635/Hyde%2dv%2dBarrow.html
http://sports.williamhill.com/bet/en-gb/betting/e/6965634/Solihull%2dv%2dStalybridge.html
http://sports.williamhill.com/bet/en-gb/betting/e/6965636/Worcester%2dv%2dGuiseley.html
http://sports.williamhill.com/bet/en-gb/betting/e/6965633/Leamington%2dv%2dBradford%2dPA.html
http://sports.williamhill.com/bet/en-gb/betting/e/6965637/Chorley%2dv%2dOxford%2dCity.html
http://sports.williamhill.com/bet/en-gb/betting/e/6965632/Stockport%2dv%2dTamworth.html
http://sports.williamhill.com/bet/en-gb/betting/e/6965638/Harrogate%2dv%2dHednesford.html
http://sports.williamhill.com/bet/en-gb/betting/e/6965631/Gloucester%2dv%2dNorth%2dFerriby%2dUtd.html
http://sports.williamhill.com/bet/en-gb/betting/e/6965639/Gainsborough%2dv%2dBrackley%2dTown.html
http://sports.williamhill.com/bet/en-gb/betting/e/6965629/Fylde%2dv%2dLowestoft%2dTown.html
http://sports.williamhill.com/bet/en-gb/betting/e/6965630/Boston%2dv%2dColwyn%2dBay.html
http://sports.williamhill.com/bet/en-gb/betting/e/7019752/Antofagasta%2dv%2dUni%2dCatolica.html
http://sports.williamhill.com/bet/en-gb/betting/e/7019748/Deportes%2dCopiapo%2dv%2dSan%2dFelipe.html
http://sports.williamhill.com/bet/en-gb/betting/e/7028260/S%2enicolocalcio%2dTeramo%2dv%2dCivitanovese.html
http://sports.williamhill.com/bet/en-gb/betting/e/7028259/Recanatese%2dv%2dJesina%2dCalcio.html
http://sports.williamhill.com/bet/en-gb/betting/e/7028262/Grottaglie%2dv%2dCavese.html
http://sports.williamhill.com/bet/en-gb/betting/e/7028258/Altovicentino%2dv%2dBiancoscudati%2dPadova.html
http://sports.williamhill.com/bet/en-gb/betting/e/7028263/Vis%2dPesaro%2d1898%2dv%2dCelano.html
http://sports.williamhill.com/bet/en-gb/betting/e/7028257/Gallipoli%2dF%2e%2d1909%2dv%2dFC%2dFrancavilla.html
http://sports.williamhill.com/bet/en-gb/betting/e/7028251/Novese%2dv%2dDerthona.html
http://sports.williamhill.com/bet/en-gb/betting/e/7028256/Castelfranco%2dv%2dBellaria%2dIgea.html
http://sports.williamhill.com/bet/en-gb/betting/e/7028264/Taranto%2dv%2dManfredonia.html
http://sports.williamhill.com/bet/en-gb/betting/e/7028255/Caronnese%2dv%2dCuneo.html
http://sports.williamhill.com/bet/en-gb/betting/e/7028265/Rapallobogliasco%2dv%2dChieri%2d1955.html
http://sports.williamhill.com/bet/en-gb/betting/e/7028254/Torre%2dNeapolis%2dv%2dNerostellati%2dFrattese.html
http://sports.williamhill.com/bet/en-gb/betting/e/7028266/Terracina%2d1925%2dv%2dASD%2dAnziolavinio.html
http://sports.williamhill.com/bet/en-gb/betting/e/7028253/Villafranca%2dv%2dAC%2dCastellana.html
http://sports.williamhill.com/bet/en-gb/betting/e/7028267/Sacilese%2dCalcio%2dv%2dDRO%2dCalcio.html
http://sports.williamhill.com/bet/en-gb/betting/e/7028252/Poggibonsi%2dv%2dVF%2dColligiana.html
http://sports.williamhill.com/bet/en-gb/betting/e/7028268/Rimini%2dv%2dAC%2dFormigine.html
http://sports.williamhill.com/bet/en-gb/betting/e/7028250/Ginnastica%2dE%2dCalcio%2dv%2dAprilia.html
http://sports.williamhill.com/bet/en-gb/betting/e/7028269/Roccella%2dv%2dTorrecuso%2dCalcio.html
http://sports.williamhill.com/bet/en-gb/betting/e/7028249/US%2dPergolettese%2dv%2dVirtus%2dVecomp%2dVerona.html
http://sports.williamhill.com/bet/en-gb/betting/e/7028270/Argentina%2dS%2er%2el%2e%2dv%2dSporting%2dBellinzago.html
http://sports.williamhill.com/bet/en-gb/betting/e/7028248/Robur%2dSiena%2dv%2dMassese.html
http://sports.williamhill.com/bet/en-gb/betting/e/7028271/Pro%2dSesto%2dv%2dUSD%2d1913%2dSeregno%2dCalcio.html
http://sports.williamhill.com/bet/en-gb/betting/e/7028247/SS%2dComprensorio%2dMontalto%2dUffugo%2dv%2dNuova%2dGioiese.html
http://sports.williamhill.com/bet/en-gb/betting/e/7028272/Sorrento%2dv%2dTiger.html
http://sports.williamhill.com/bet/en-gb/betting/e/7028244/Chieti%2dv%2dOlympia%2dAgnonese.html
http://sports.williamhill.com/bet/en-gb/betting/e/7028273/Piacenza%2dv%2dEste.html
http://sports.williamhill.com/bet/en-gb/betting/e/7028246/AC%2dMonopoli%2dv%2dBrindisi.html
http://sports.williamhill.com/bet/en-gb/betting/e/7028243/Jolly%2dMontemurlo%2dv%2dImolese%2dCalcio.html
http://sports.williamhill.com/bet/en-gb/betting/e/7019810/Sporting%2dGijon%2dB%2dv%2dUD%2dSomozas.html
http://sports.williamhill.com/bet/en-gb/betting/e/7019789/Celta%2dB%2dv%2dClub%2dMarino%2dLuanco.html
http://sports.williamhill.com/bet/en-gb/betting/e/7019817/Valladolid%2dB%2dv%2dReal%2dMurcia.html
http://sports.williamhill.com/bet/en-gb/betting/e/7019801/Leonesa%2dv%2dZamora.html
http://sports.williamhill.com/bet/en-gb/betting/e/7019813/UD%2dLogrones%2dv%2dUP%2dLangreo.html
http://sports.williamhill.com/bet/en-gb/betting/e/7019794/Guijuelo%2dv%2dAtletico%2dAstorga.html
http://sports.williamhill.com/bet/en-gb/betting/e/7019785/Burgos%2dv%2dCD%2dTropezon.html
http://sports.williamhill.com/bet/en-gb/betting/e/7019805/Oviedo%2dv%2dFC%2dCoruxo.html
http://sports.williamhill.com/bet/en-gb/betting/e/7019800/Las%2dPalmas%2dII%2dv%2dSociedad%2dB.html
http://sports.williamhill.com/bet/en-gb/betting/e/7019784/Bilbao%2dB%2dv%2dHuesca.html
http://sports.williamhill.com/bet/en-gb/betting/e/7019811/Tudelano%2dv%2dReal%2dUnion.html
http://sports.williamhill.com/bet/en-gb/betting/e/7019790/Conquense%2dv%2dSestao.html
http://sports.williamhill.com/bet/en-gb/betting/e/7019814/UD%2dSocuellamos%2dv%2dAtl%2dMadrid%2dB.html
http://sports.williamhill.com/bet/en-gb/betting/e/7019782/Barakaldo%2dv%2dFuenlabrada.html
http://sports.williamhill.com/bet/en-gb/betting/e/7019809/SD%2dLeioa%2dv%2dGetafe%2dB.html
http://sports.williamhill.com/bet/en-gb/betting/e/7019795/Hercules%2dv%2dMallorca%2dB.html
http://sports.williamhill.com/bet/en-gb/betting/e/7019792/Gimnastic%2dv%2dVillarreal%2dB.html
http://sports.williamhill.com/bet/en-gb/betting/e/7019815/UE%2dOlot%2dv%2dReus%2dDeportiu.html
http://sports.williamhill.com/bet/en-gb/betting/e/7019816/Valencia%2dB%2dv%2dReal%2dZaragoza%2dB.html
http://sports.williamhill.com/bet/en-gb/betting/e/7019808/Sant%2dAndreu%2dv%2dElche%2dB.html
http://sports.williamhill.com/bet/en-gb/betting/e/7019797/L%2dHospitalet%2dv%2dOlimpic%2dde%2dXativa.html
http://sports.williamhill.com/bet/en-gb/betting/e/7019781/Badalona%2dv%2dHuracan%2dValencia.html
http://sports.williamhill.com/bet/en-gb/betting/e/7019780/Atletico%2dBaleares%2dv%2dEldense.html
http://sports.williamhill.com/bet/en-gb/betting/e/7019778/Alcoyano%2dv%2dEspanyol%2dB.html
http://sports.williamhill.com/bet/en-gb/betting/e/7019802/Lleida%2dv%2dUD%2dCornella.html
http://sports.williamhill.com/bet/en-gb/betting/e/7019783/Betis%2dB%2dv%2dVillanovense.html
http://sports.williamhill.com/bet/en-gb/betting/e/7019786/Cacereno%2dv%2dSevilla%2dAt%2e.html
http://sports.williamhill.com/bet/en-gb/betting/e/7019787/Cadiz%2dv%2dArroyo.html
http://sports.williamhill.com/bet/en-gb/betting/e/7019803/Marbella%2dv%2dLucena.html
http://sports.williamhill.com/bet/en-gb/betting/e/7019793/Granada%2dB%2dv%2dReal%2dBalompedica%2dLinense.html
http://sports.williamhill.com/bet/en-gb/betting/e/7019804/Melilla%2dv%2dSan%2dRoque.html
http://sports.williamhill.com/bet/en-gb/betting/e/7019812/UCAM%2dMurcia%2dv%2dCD%2dEL%2dPalo.html
http://sports.williamhill.com/bet/en-gb/betting/e/7019799/La%2dRoda%2dv%2dCartagena.html
http://sports.williamhill.com/bet/en-gb/betting/e/7019796/Jaen%2dv%2dCordoba%2dB.html
http://sports.williamhill.com/bet/en-gb/betting/e/7031274/Atletico%2dde%2dMadrid%2dIII%2dv%2dRSD%2dAlcala.html
http://sports.williamhill.com/bet/en-gb/betting/e/7031275/Santutxu%2dFC%2dv%2dOiartzun%2dKE.html
http://sports.williamhill.com/bet/en-gb/betting/e/7031276/SD%2dErandio%2dClub%2dv%2dAmurrio%2dCF.html
http://sports.williamhill.com/bet/en-gb/betting/e/7031277/Deportivo%2dAlaves%2dII%2dv%2dCD%2dBasconia.html
http://sports.williamhill.com/bet/en-gb/betting/e/7031278/SD%2dLenense%2dv%2dCD%2dPraviano.html
http://sports.williamhill.com/bet/en-gb/betting/e/7031279/Crevillente%2dDeportivo%2dv%2dFC%2dJove%2dEspanol.html
http://sports.williamhill.com/bet/en-gb/betting/e/7031289/CD%2dBerio%2dFT%2dv%2dArenas%2dClub%2dde%2dGetxo.html
http://sports.williamhill.com/bet/en-gb/betting/e/7031288/Albacete%2dBalompie%2dII%2dv%2dManzanares%2dCF.html
http://sports.williamhill.com/bet/en-gb/betting/e/7031287/CD%2dVarea%2dv%2dCD%2dAnguiano.html
http://sports.williamhill.com/bet/en-gb/betting/e/7031286/CE%2dConstancia%2dde%2dInca%2dv%2dCF%2dSan%2dRafael.html
http://sports.williamhill.com/bet/en-gb/betting/e/7031285/CD%2dGuadalcacin%2dv%2dCoria%2dCF.html
http://sports.williamhill.com/bet/en-gb/betting/e/7031284/CD%2dSan%2dRoque%2dde%2dCadiz%2dv%2dCD%2dMairena.html
http://sports.williamhill.com/bet/en-gb/betting/e/7031283/La%2dPalma%2dCF%2dv%2dPena%2dDeportiva%2dRociera.html
http://sports.williamhill.com/bet/en-gb/betting/e/7031282/CD%2dGerena%2dv%2dUD%2dLos%2dBarrios.html
http://sports.williamhill.com/bet/en-gb/betting/e/7031281/Conil%2dCF%2dv%2dRecreativo%2dHuelva%2dII.html
http://sports.williamhill.com/bet/en-gb/betting/e/7031280/UD%2dMaracena%2dv%2dVelez%2dCF.html
http://sports.williamhill.com/bet/en-gb/betting/e/7031298/Antequera%2dCF%2dv%2dLoja%2dCF.html
http://sports.williamhill.com/bet/en-gb/betting/e/7031296/Futbol%2dAlcobendas%2dSport%2dv%2dCF%2dInternacional%2dde%2dMadrid.html
http://sports.williamhill.com/bet/en-gb/betting/e/7031295/CF%2dRayo%2dMajadahonda%2dv%2dCD%2dMostoles.html
http://sports.williamhill.com/bet/en-gb/betting/e/7031294/CF%2dPozuelo%2dde%2dAlarcon%2dv%2dCDA%2dNavalcarnero.html
http://sports.williamhill.com/bet/en-gb/betting/e/7031293/Muro%2dCF%2dv%2dCD%2dAcero.html
http://sports.williamhill.com/bet/en-gb/betting/e/7031292/UD%2dAlzira%2dv%2dCD%2dTorrevieja.html
http://sports.williamhill.com/bet/en-gb/betting/e/7031291/Villarreal%2dCF%2dIII%2dv%2dOntinyent%2dCF.html
http://sports.williamhill.com/bet/en-gb/betting/e/7031290/CD%2dUtiel%2dv%2dSporting%2dClub%2dRequena.html
http://sports.williamhill.com/bet/en-gb/betting/e/7031301/CD%2dLa%2dVictoria%2dde%2dAcentejo%2dv%2dCD%2dEl%2dCotillo.html
http://sports.williamhill.com/bet/en-gb/betting/e/7031302/CD%2dVera%2dv%2dUD%2dTelde.html
http://sports.williamhill.com/bet/en-gb/betting/e/7031304/UD%2dAlaro%2dv%2dCD%2dFerriolense.html
http://sports.williamhill.com/bet/en-gb/betting/e/7031306/La%2dBaneza%2dFC%2dv%2dReal%2dAvila%2dCF.html
http://sports.williamhill.com/bet/en-gb/betting/e/7031307/Atletico%2dRafal%2dv%2dUD%2dPoblense.html
http://sports.williamhill.com/bet/en-gb/betting/e/7031308/CD%2dTuilla%2dv%2dCD%2dLlanes.html
http://sports.williamhill.com/bet/en-gb/betting/e/7031309/CD%2dLagun%2dOnak%2dv%2dCD%2dSanturtzi.html
http://sports.williamhill.com/bet/en-gb/betting/e/7031310/CF%2dLa%2dNucia%2dv%2dPaterna%2dCF.html
http://sports.williamhill.com/bet/en-gb/betting/e/7031313/CF%2dPalencia%2dv%2dCD%2dBurgos%2dPromesas%2d2000.html
http://sports.williamhill.com/bet/en-gb/betting/e/7031311/Club%2dAtletico%2dde%2dPinto%2dv%2dAD%2dParla.html
http://sports.williamhill.com/bet/en-gb/betting/e/7031312/Club%2dAtletico%2dBembibre%2dv%2dCD%2dLa%2dVirgen%2ddel%2dCamino.html
http://sports.williamhill.com/bet/en-gb/betting/e/7031314/Club%2dHaro%2dDeportivo%2dv%2dCD%2dAlfaro.html
http://sports.williamhill.com/bet/en-gb/betting/e/7031315/CD%2dAurrera%2dde%2dVitoria%2dv%2dBermeo%2dFutbol%2dTaldea.html
http://sports.williamhill.com/bet/en-gb/betting/e/6966081/Apollon%2dLimassol%2dv%2dA%2eE%2eL%2e.html
http://sports.williamhill.com/bet/en-gb/betting/e/6966082/Anorthosis%2dv%2dErmis%2dFC%2dAradippou.html
http://sports.williamhill.com/bet/en-gb/betting/e/6966083/Ethnikos%2dAch%2e%2dv%2dNea%2dSalamis.html
http://sports.williamhill.com/bet/en-gb/betting/e/6928263/Kallithea%2dv%2dFostiras%2dFc.html
http://sports.williamhill.com/bet/en-gb/betting/e/6928256/AO%2dTrachonon%2dv%2dErmionidas%2dAE.html
http://sports.williamhill.com/bet/en-gb/betting/e/6928257/Panegialios%2dFc%2dv%2dEpiskopi%2dFC.html
http://sports.williamhill.com/bet/en-gb/betting/e/6928259/Panachaiki%2d2005%2dv%2dApollon%2dSmyrnis.html
http://sports.williamhill.com/bet/en-gb/betting/e/6966042/Hapoel%2dPetach%2dTikva%2dv%2dMaccabi%2dHaifa.html
http://sports.williamhill.com/bet/en-gb/betting/e/6965994/Sliema%2dv%2dPieta%2dHotspurs.html
http://sports.williamhill.com/bet/en-gb/betting/e/6965995/Mosta%2dv%2dBirkirkara.html
http://sports.williamhill.com/bet/en-gb/betting/e/6965996/Hibernians%2dv%2dZebbug%2dRangers.html
http://sports.williamhill.com/bet/en-gb/betting/e/6965998/Tarxien%2dRainbows%2dFc%2dv%2dBalzan%2dYouths.html
http://sports.williamhill.com/bet/en-gb/betting/e/7031318/Sao%2dBernardo%2dFC%2dU19%2dv%2dSE%2dUnai%2dDF%2dU19.html
http://sports.williamhill.com/bet/en-gb/betting/e/7031325/Sumare%2dAC%2dU19%2dv%2dCacerense%2dEC%2dU19.html
http://sports.williamhill.com/bet/en-gb/betting/e/7031324/Tanabi%2dEC%2dU19%2dv%2dClube%2dAtletico%2dItapemirim%2dU19.html
http://sports.williamhill.com/bet/en-gb/betting/e/7031323/Desportivo%2dBrasil%2dU19%2dv%2dPaysandu%2dSC%2dU19.html
http://sports.williamhill.com/bet/en-gb/betting/e/7031322/Ferroviaria%2dS+A%2dAraraquara%2dU19%2dv%2dAtletico%2dMonte%2dAzul%2dU19.html
http://sports.williamhill.com/bet/en-gb/betting/e/7031332/EC%2dTaubate%2dU19%2dv%2dSerrano%2dSC%2dU19.html
http://sports.williamhill.com/bet/en-gb/betting/e/7031330/AA%2dFlamengo%2dGuarulhos%2dU19%2dv%2dPalmeira%2dFutebol%2dClube%2dda%2dU19.html
http://sports.williamhill.com/bet/en-gb/betting/e/7031329/Nacional%2dAC%2dU19%2dv%2dBotafogo%2dFC%2dJoao%2dPessoa%2dU19.html
http://sports.williamhill.com/bet/en-gb/betting/e/7031327/CA%2dTaboao%2dda%2dSerra%2dU19%2dv%2dChapecoense%2dAF%2dU19.html
http://sports.williamhill.com/bet/en-gb/betting/e/7031326/Paulinia%2dFC%2dU19%2dv%2dSER%2dSao%2dJose%2dU19.html
http://sports.williamhill.com/bet/en-gb/betting/e/7031342/Atletico%2dClube%2dGoianiense%2dU19%2dv%2dAvai%2dFC%2dFlorianopolis%2dU19.html
http://sports.williamhill.com/bet/en-gb/betting/e/7031341/Ceara%2dSC%2dFortaleza%2dU19%2dv%2dSE%2ddo%2dGama%2dU19.html
http://sports.williamhill.com/bet/en-gb/betting/e/7031336/America%2dFC%2dBelo%2dHorizonte%2dU19%2dv%2dSanta%2dCruz%2dFC%2dRecife%2dU19.html
http://sports.williamhill.com/bet/en-gb/betting/e/6966067/Al%2dAin%2dv%2dAjman%2dClub.html
http://sports.williamhill.com/bet/en-gb/betting/e/6966064/Al%2dAhli%2dDubai%2dv%2dAhli%2dAl%2dFujirah.html
http://sports.williamhill.com/bet/en-gb/betting/e/6966069/Al%2dWahda%2dv%2dBaniyas.html
http://sports.williamhill.com/bet/en-gb/betting/e/7032341/Jordan%2dv%2dBahrain.html
http://sports.williamhill.com/bet/en-gb/betting/e/7032340/Korea%2dRepublic%2dv%2dSaudi%2dArabia.html
http://sports.williamhill.com/bet/en-gb/betting/e/7019762/South%2dAfrica%2dv%2dZambia.html
http://sports.williamhill.com/bet/en-gb/betting/e/7019769/Difaa%2dEl%2dJadida%2dv%2dCRA%2dde%2dHoceima.html
http://sports.williamhill.com/bet/en-gb/betting/e/7019770/OCK%2dOlympique%2dDe%2dKhouribga%2dv%2dWydad%2dCasablanca.html
http://sports.williamhill.com/bet/en-gb/betting/e/7019771/Olympique%2dSafi%2dv%2dKawkab%2dMarrakech.html
http://sports.williamhill.com/bet/en-gb/betting/e/7019772/Moghreb%2dTetouan%2dv%2dIZK%2dItihad%2dZ%2dKhemisset.html
