Arsenal
Hull
Espanyol
Eibar
Alcorcon
Real Betis
Tenerife
Sporting Gijon
Caen
Dijon
Grenoble
Marseille
Guimaraes
Nacional (Por)
Penafiel
Benfica
Besiktas
Galatasaray
Giannina
Panathinaikos
America-PE
Vera Cruz PE
Serra Talhada
Atletico Pernambucano
Central
Pesqueira
Ypiranga
Porto-PE
Antofagasta
Uni Catolica
Deportes Copiapo
San Felipe
SD Leioa
Getafe B
Club Atletico Saguntino
CF Cullera
Hapoel Petach Tikva
Maccabi Haifa
Sport Club do Recife U19
Paulista FC Jundiai U19
Parana Clube Curitiba U19
Mirassol FC U19
Figueirense FC U19
EC Santo Andre U19
CR Vasco da Gama U19
Araxa Esporte Clube U19
Atletico Clube Goianiense U19
Avai FC Florianopolis U19
Ceara SC Fortaleza U19
SE do Gama U19
Goias EC U19
Rio Claro FC U19
Vila Nova FC Goiania U19
Guarani FC Campinas U19
America FC Belo Horizonte U19
Santa Cruz FC Recife U19
Coritiba FBC U19
Red Bull Brasil U19
Sao Carlos FC U19
AO Itabaiana U19
Moghreb Tetouan
IZK Itihad Z Khemisset
