http://sports.williamhill.com/bet/en-gb/betting/e/6928979/Arsenal%2dv%2dHull.html
http://sports.williamhill.com/bet/en-gb/betting/e/6965732/Espanyol%2dv%2dEibar.html
http://sports.williamhill.com/bet/en-gb/betting/e/6965775/Alcorcon%2dv%2dReal%2dBetis.html
http://sports.williamhill.com/bet/en-gb/betting/e/6965776/Tenerife%2dv%2dSporting%2dGijon.html
http://sports.williamhill.com/bet/en-gb/betting/e/6965757/Caen%2dv%2dDijon.html
http://sports.williamhill.com/bet/en-gb/betting/e/6965758/Grenoble%2dv%2dMarseille.html
http://sports.williamhill.com/bet/en-gb/betting/e/6965900/Guimaraes%2dv%2dNacional.html
http://sports.williamhill.com/bet/en-gb/betting/e/6965897/Penafiel%2dv%2dBenfica.html
http://sports.williamhill.com/bet/en-gb/betting/e/6965885/Besiktas%2dv%2dGalatasaray.html
http://sports.williamhill.com/bet/en-gb/betting/e/6966034/Giannina%2dv%2dPanathinaikos.html
http://sports.williamhill.com/bet/en-gb/betting/e/6966085/America%2dPE%2dv%2dVera%2dCruz%2dPE.html
http://sports.williamhill.com/bet/en-gb/betting/e/6966087/Serra%2dTalhada%2dv%2dAtletico%2dPernambucano.html
http://sports.williamhill.com/bet/en-gb/betting/e/6966088/Central%2dv%2dPesqueira.html
http://sports.williamhill.com/bet/en-gb/betting/e/6966086/Ypiranga%2dv%2dPorto%2dPE.html
http://sports.williamhill.com/bet/en-gb/betting/e/7019752/Antofagasta%2dv%2dUni%2dCatolica.html
http://sports.williamhill.com/bet/en-gb/betting/e/7019748/Deportes%2dCopiapo%2dv%2dSan%2dFelipe.html
http://sports.williamhill.com/bet/en-gb/betting/e/7019809/SD%2dLeioa%2dv%2dGetafe%2dB.html
http://sports.williamhill.com/bet/en-gb/betting/e/7031317/Club%2dAtletico%2dSaguntino%2dv%2dCF%2dCullera.html
http://sports.williamhill.com/bet/en-gb/betting/e/6966042/Hapoel%2dPetach%2dTikva%2dv%2dMaccabi%2dHaifa.html
http://sports.williamhill.com/bet/en-gb/betting/e/7031334/Sport%2dClub%2ddo%2dRecife%2dU19%2dv%2dPaulista%2dFC%2dJundiai%2dU19.html
http://sports.williamhill.com/bet/en-gb/betting/e/7031333/Parana%2dClube%2dCuritiba%2dU19%2dv%2dMirassol%2dFC%2dU19.html
http://sports.williamhill.com/bet/en-gb/betting/e/7031495/Figueirense%2dFC%2dU19%2dv%2dEC%2dSanto%2dAndre%2dU19.html
http://sports.williamhill.com/bet/en-gb/betting/e/7031343/CR%2dVasco%2dda%2dGama%2dU19%2dv%2dAraxa%2dEsporte%2dClube%2dU19.html
http://sports.williamhill.com/bet/en-gb/betting/e/7031342/Atletico%2dClube%2dGoianiense%2dU19%2dv%2dAvai%2dFC%2dFlorianopolis%2dU19.html
http://sports.williamhill.com/bet/en-gb/betting/e/7031341/Ceara%2dSC%2dFortaleza%2dU19%2dv%2dSE%2ddo%2dGama%2dU19.html
http://sports.williamhill.com/bet/en-gb/betting/e/7031338/Goias%2dEC%2dU19%2dv%2dRio%2dClaro%2dFC%2dU19.html
http://sports.williamhill.com/bet/en-gb/betting/e/7031337/Vila%2dNova%2dFC%2dGoiania%2dU19%2dv%2dGuarani%2dFC%2dCampinas%2dU19.html
http://sports.williamhill.com/bet/en-gb/betting/e/7031336/America%2dFC%2dBelo%2dHorizonte%2dU19%2dv%2dSanta%2dCruz%2dFC%2dRecife%2dU19.html
http://sports.williamhill.com/bet/en-gb/betting/e/7031335/Coritiba%2dFBC%2dU19%2dv%2dRed%2dBull%2dBrasil%2dU19.html
http://sports.williamhill.com/bet/en-gb/betting/e/7031344/Sao%2dCarlos%2dFC%2dU19%2dv%2dAO%2dItabaiana%2dU19.html
http://sports.williamhill.com/bet/en-gb/betting/e/7019772/Moghreb%2dTetouan%2dv%2dIZK%2dItihad%2dZ%2dKhemisset.html
